0 info it worked if it ends with ok
1 verbose cli [ '/Users/giuliandrimba/nvm/v0.10.22/bin/node',
1 verbose cli   '/Users/giuliandrimba/nvm/v0.10.22/bin/npm',
1 verbose cli   'publish' ]
2 info using npm@1.3.14
3 info using node@v0.10.22
4 verbose publish [ '.' ]
5 verbose cache add [ '.', null ]
6 verbose cache add name=undefined spec="." args=[".",null]
7 verbose parsed url { protocol: null,
7 verbose parsed url   slashes: null,
7 verbose parsed url   auth: null,
7 verbose parsed url   host: null,
7 verbose parsed url   port: null,
7 verbose parsed url   hostname: null,
7 verbose parsed url   hash: null,
7 verbose parsed url   search: null,
7 verbose parsed url   query: null,
7 verbose parsed url   pathname: '.',
7 verbose parsed url   path: '.',
7 verbose parsed url   href: '.' }
8 silly lockFile 3a52ce78- .
9 verbose lock . /Users/giuliandrimba/.npm/3a52ce78-.lock
10 verbose tar pack [ '/var/folders/+5/+50ptZ0dEHqRJ1Vup4Kp3U+++TQ/-Tmp-/npm-3161-8ahec3pu/1389140201871-0.40231223683804274/tmp.tgz',
10 verbose tar pack   '.' ]
11 verbose tarball /var/folders/+5/+50ptZ0dEHqRJ1Vup4Kp3U+++TQ/-Tmp-/npm-3161-8ahec3pu/1389140201871-0.40231223683804274/tmp.tgz
12 verbose folder .
13 info prepublish keep@0.0.1
14 silly lockFile 1f1177db-tar tar://.
15 verbose lock tar://. /Users/giuliandrimba/.npm/1f1177db-tar.lock
16 silly lockFile 2d1378fc-1871-0-40231223683804274-tmp-tgz tar:///var/folders/+5/+50ptZ0dEHqRJ1Vup4Kp3U+++TQ/-Tmp-/npm-3161-8ahec3pu/1389140201871-0.40231223683804274/tmp.tgz
17 verbose lock tar:///var/folders/+5/+50ptZ0dEHqRJ1Vup4Kp3U+++TQ/-Tmp-/npm-3161-8ahec3pu/1389140201871-0.40231223683804274/tmp.tgz /Users/giuliandrimba/.npm/2d1378fc-1871-0-40231223683804274-tmp-tgz.lock
18 silly lockFile 1f1177db-tar tar://.
19 silly lockFile 1f1177db-tar tar://.
20 silly lockFile 2d1378fc-1871-0-40231223683804274-tmp-tgz tar:///var/folders/+5/+50ptZ0dEHqRJ1Vup4Kp3U+++TQ/-Tmp-/npm-3161-8ahec3pu/1389140201871-0.40231223683804274/tmp.tgz
21 silly lockFile 2d1378fc-1871-0-40231223683804274-tmp-tgz tar:///var/folders/+5/+50ptZ0dEHqRJ1Vup4Kp3U+++TQ/-Tmp-/npm-3161-8ahec3pu/1389140201871-0.40231223683804274/tmp.tgz
22 verbose tar unpack /var/folders/+5/+50ptZ0dEHqRJ1Vup4Kp3U+++TQ/-Tmp-/npm-3161-8ahec3pu/1389140201871-0.40231223683804274/tmp.tgz
23 silly lockFile ea3fc175-1871-0-40231223683804274-package tar:///var/folders/+5/+50ptZ0dEHqRJ1Vup4Kp3U+++TQ/-Tmp-/npm-3161-8ahec3pu/1389140201871-0.40231223683804274/package
24 verbose lock tar:///var/folders/+5/+50ptZ0dEHqRJ1Vup4Kp3U+++TQ/-Tmp-/npm-3161-8ahec3pu/1389140201871-0.40231223683804274/package /Users/giuliandrimba/.npm/ea3fc175-1871-0-40231223683804274-package.lock
25 silly lockFile 2d1378fc-1871-0-40231223683804274-tmp-tgz tar:///var/folders/+5/+50ptZ0dEHqRJ1Vup4Kp3U+++TQ/-Tmp-/npm-3161-8ahec3pu/1389140201871-0.40231223683804274/tmp.tgz
26 verbose lock tar:///var/folders/+5/+50ptZ0dEHqRJ1Vup4Kp3U+++TQ/-Tmp-/npm-3161-8ahec3pu/1389140201871-0.40231223683804274/tmp.tgz /Users/giuliandrimba/.npm/2d1378fc-1871-0-40231223683804274-tmp-tgz.lock
27 silly gunzTarPerm modes [ '755', '644' ]
28 silly gunzTarPerm extractEntry package.json
29 silly gunzTarPerm extractEntry README.md
30 silly gunzTarPerm extractEntry LICENSE
31 silly gunzTarPerm extractEntry index.js
32 silly lockFile ea3fc175-1871-0-40231223683804274-package tar:///var/folders/+5/+50ptZ0dEHqRJ1Vup4Kp3U+++TQ/-Tmp-/npm-3161-8ahec3pu/1389140201871-0.40231223683804274/package
33 silly lockFile ea3fc175-1871-0-40231223683804274-package tar:///var/folders/+5/+50ptZ0dEHqRJ1Vup4Kp3U+++TQ/-Tmp-/npm-3161-8ahec3pu/1389140201871-0.40231223683804274/package
34 silly lockFile 2d1378fc-1871-0-40231223683804274-tmp-tgz tar:///var/folders/+5/+50ptZ0dEHqRJ1Vup4Kp3U+++TQ/-Tmp-/npm-3161-8ahec3pu/1389140201871-0.40231223683804274/tmp.tgz
35 silly lockFile 2d1378fc-1871-0-40231223683804274-tmp-tgz tar:///var/folders/+5/+50ptZ0dEHqRJ1Vup4Kp3U+++TQ/-Tmp-/npm-3161-8ahec3pu/1389140201871-0.40231223683804274/tmp.tgz
36 verbose tar pack [ '/Users/giuliandrimba/.npm/keep/0.0.1/package.tgz',
36 verbose tar pack   '/var/folders/+5/+50ptZ0dEHqRJ1Vup4Kp3U+++TQ/-Tmp-/npm-3161-8ahec3pu/1389140201871-0.40231223683804274/package' ]
37 verbose tarball /Users/giuliandrimba/.npm/keep/0.0.1/package.tgz
38 verbose folder /var/folders/+5/+50ptZ0dEHqRJ1Vup4Kp3U+++TQ/-Tmp-/npm-3161-8ahec3pu/1389140201871-0.40231223683804274/package
39 silly lockFile ea3fc175-1871-0-40231223683804274-package tar:///var/folders/+5/+50ptZ0dEHqRJ1Vup4Kp3U+++TQ/-Tmp-/npm-3161-8ahec3pu/1389140201871-0.40231223683804274/package
40 verbose lock tar:///var/folders/+5/+50ptZ0dEHqRJ1Vup4Kp3U+++TQ/-Tmp-/npm-3161-8ahec3pu/1389140201871-0.40231223683804274/package /Users/giuliandrimba/.npm/ea3fc175-1871-0-40231223683804274-package.lock
41 silly lockFile b078cabb-rimba-npm-keep-0-0-1-package-tgz tar:///Users/giuliandrimba/.npm/keep/0.0.1/package.tgz
42 verbose lock tar:///Users/giuliandrimba/.npm/keep/0.0.1/package.tgz /Users/giuliandrimba/.npm/b078cabb-rimba-npm-keep-0-0-1-package-tgz.lock
43 silly lockFile ea3fc175-1871-0-40231223683804274-package tar:///var/folders/+5/+50ptZ0dEHqRJ1Vup4Kp3U+++TQ/-Tmp-/npm-3161-8ahec3pu/1389140201871-0.40231223683804274/package
44 silly lockFile ea3fc175-1871-0-40231223683804274-package tar:///var/folders/+5/+50ptZ0dEHqRJ1Vup4Kp3U+++TQ/-Tmp-/npm-3161-8ahec3pu/1389140201871-0.40231223683804274/package
45 silly lockFile b078cabb-rimba-npm-keep-0-0-1-package-tgz tar:///Users/giuliandrimba/.npm/keep/0.0.1/package.tgz
46 silly lockFile b078cabb-rimba-npm-keep-0-0-1-package-tgz tar:///Users/giuliandrimba/.npm/keep/0.0.1/package.tgz
47 silly lockFile b3937ea7-iandrimba-npm-keep-0-0-1-package /Users/giuliandrimba/.npm/keep/0.0.1/package
48 verbose lock /Users/giuliandrimba/.npm/keep/0.0.1/package /Users/giuliandrimba/.npm/b3937ea7-iandrimba-npm-keep-0-0-1-package.lock
49 silly lockFile b3937ea7-iandrimba-npm-keep-0-0-1-package /Users/giuliandrimba/.npm/keep/0.0.1/package
50 silly lockFile b3937ea7-iandrimba-npm-keep-0-0-1-package /Users/giuliandrimba/.npm/keep/0.0.1/package
51 verbose tar unpack /Users/giuliandrimba/.npm/keep/0.0.1/package.tgz
52 silly lockFile 061bbd4f-iandrimba-npm-keep-0-0-1-package tar:///Users/giuliandrimba/.npm/keep/0.0.1/package
53 verbose lock tar:///Users/giuliandrimba/.npm/keep/0.0.1/package /Users/giuliandrimba/.npm/061bbd4f-iandrimba-npm-keep-0-0-1-package.lock
54 silly lockFile b078cabb-rimba-npm-keep-0-0-1-package-tgz tar:///Users/giuliandrimba/.npm/keep/0.0.1/package.tgz
55 verbose lock tar:///Users/giuliandrimba/.npm/keep/0.0.1/package.tgz /Users/giuliandrimba/.npm/b078cabb-rimba-npm-keep-0-0-1-package-tgz.lock
56 silly gunzTarPerm modes [ '755', '644' ]
57 silly gunzTarPerm extractEntry package.json
58 silly gunzTarPerm extractEntry README.md
59 silly gunzTarPerm extractEntry LICENSE
60 silly gunzTarPerm extractEntry index.js
61 silly lockFile 061bbd4f-iandrimba-npm-keep-0-0-1-package tar:///Users/giuliandrimba/.npm/keep/0.0.1/package
62 silly lockFile 061bbd4f-iandrimba-npm-keep-0-0-1-package tar:///Users/giuliandrimba/.npm/keep/0.0.1/package
63 silly lockFile b078cabb-rimba-npm-keep-0-0-1-package-tgz tar:///Users/giuliandrimba/.npm/keep/0.0.1/package.tgz
64 silly lockFile b078cabb-rimba-npm-keep-0-0-1-package-tgz tar:///Users/giuliandrimba/.npm/keep/0.0.1/package.tgz
65 verbose chmod /Users/giuliandrimba/.npm/keep/0.0.1/package.tgz 644
66 verbose chown /Users/giuliandrimba/.npm/keep/0.0.1/package.tgz [ 503, 20 ]
67 silly lockFile 3a52ce78- .
68 silly lockFile 3a52ce78- .
69 silly publish { name: 'keep',
69 silly publish   version: '0.0.1',
69 silly publish   description: 'Javascript Model based on promises with plugins support',
69 silly publish   main: 'index.js',
69 silly publish   scripts: { test: 'npm test' },
69 silly publish   repository: { type: 'git', url: 'git://github.com/giuliandrimba/keep.git' },
69 silly publish   keywords: [ 'model', 'keep', 'javascript', 'promise' ],
69 silly publish   author: { name: 'Giulian Drimba' },
69 silly publish   license: 'MIT',
69 silly publish   bugs: { url: 'https://github.com/giuliandrimba/keep/issues' },
69 silly publish   homepage: 'https://github.com/giuliandrimba/keep',
69 silly publish   readme: 'keep\n====\n\nJavascript Model based on promises with plugins support\n',
69 silly publish   readmeFilename: 'README.md',
69 silly publish   _id: 'keep@0.0.1',
69 silly publish   dist: { shasum: '4ae6c87cbf9c950e7659c334da3a53ce622d1063' },
69 silly publish   _from: '.' }
70 verbose url raw keep
71 verbose url resolving [ 'https://registry.npmjs.org/', './keep' ]
72 verbose url resolved https://registry.npmjs.org/keep
73 info trying registry request attempt 1 at 22:16:42
74 http PUT https://registry.npmjs.org/keep
75 http 409 https://registry.npmjs.org/keep
76 verbose url raw keep
77 verbose url resolving [ 'https://registry.npmjs.org/', './keep' ]
78 verbose url resolved https://registry.npmjs.org/keep
79 info trying registry request attempt 1 at 22:16:42
80 http GET https://registry.npmjs.org/keep
81 http 200 https://registry.npmjs.org/keep
82 error publish fail Cannot publish over existing version.
82 error publish fail Update the 'version' field in package.json and try again.
82 error publish fail
82 error publish fail If the previous version was published in error, see:
82 error publish fail     npm help unpublish
82 error publish fail
82 error publish fail To automatically increment version numbers, see:
82 error publish fail     npm help version
83 error System Darwin 10.8.0
84 error command "/Users/giuliandrimba/nvm/v0.10.22/bin/node" "/Users/giuliandrimba/nvm/v0.10.22/bin/npm" "publish"
85 error cwd /Users/giuliandrimba/code/keep
86 error node -v v0.10.22
87 error npm -v 1.3.14
88 error code EPUBLISHCONFLICT
89 verbose exit [ 1, true ]
